<?xml version="1.0" encoding="UTF-8"?>
<!-- Generated by org.testng.reporters.JUnitReportReporter -->
<testsuite skipped="0" hostname="LAPTOP-JTNN1PTL" name="Shopping.HomePageTest" tests="1" failures="0" timestamp="2022-11-01T21:04:21 EDT" time="2.187" errors="0">
  <testcase name="select_and_verify_country" time="2.187" classname="Shopping.HomePageTest"/>
  <system-out/>
</testsuite> <!-- Shopping.HomePageTest -->
