<?xml version="1.0" encoding="UTF-8"?>
<!-- Generated by org.testng.reporters.JUnitReportReporter -->
<testsuite skipped="0" hostname="LAPTOP-JTNN1PTL" name="Shopping.CartTest" tests="4" failures="0" timestamp="2022-11-01T15:52:25 EDT" time="11.480" errors="0">
  <testcase name="verify_added_product_in_cart_page" time="6.726" classname="Shopping.CartTest"/>
  <system-out/>
  <testcase name="verify_checkout_after_product_addition_and_continue_as_guest" time="0.205" classname="Shopping.CartTest"/>
  <system-out/>
  <testcase name="verify_added_product_in_cart_page_after_addtition" time="2.080" classname="Shopping.CartTest"/>
  <system-out/>
  <testcase name="verify_checkout" time="2.469" classname="Shopping.CartTest"/>
  <system-out/>
</testsuite> <!-- Shopping.CartTest -->
