<?xml version="1.0" encoding="UTF-8"?>
<!-- Generated by org.testng.reporters.JUnitReportReporter -->
<testsuite skipped="0" hostname="LAPTOP-JTNN1PTL" name="Shopping.CatelogTest" tests="3" failures="0" timestamp="2022-11-01T15:52:25 EDT" time="5.042" errors="0">
  <testcase name="select_and_verify_solid_colors_from_menu" time="3.232" classname="Shopping.CatelogTest"/>
  <system-out/>
  <testcase name="select_product_after_returning_from_cart" time="0.208" classname="Shopping.CatelogTest"/>
  <system-out/>
  <testcase name="add_and_verify_cart" time="1.602" classname="Shopping.CatelogTest"/>
  <system-out/>
</testsuite> <!-- Shopping.CatelogTest -->
