<?xml version="1.0" encoding="UTF-8"?>
<!-- Generated by org.testng.reporters.JUnitReportReporter -->
<testsuite skipped="0" hostname="LAPTOP-JTNN1PTL" name="Academy.ValidateNavigationBar" tests="1" failures="0" timestamp="2020-09-07T07:54:57 EDT" time="0.187" errors="0">
  <testcase name="basePageNavigation" time="0.187" classname="Academy.ValidateNavigationBar"/>
  <system-out/>
</testsuite> <!-- Academy.ValidateNavigationBar -->
