<?xml version="1.0" encoding="UTF-8"?>
<!-- Generated by org.testng.reporters.JUnitReportReporter -->
<testsuite skipped="0" hostname="LAPTOP-JTNN1PTL" name="Academy.HomePage" tests="3" failures="0" timestamp="2020-09-07T07:54:57 EDT" time="33.073" errors="0">
  <testcase name="basePageNavigation" time="8.346" classname="Academy.HomePage"/>
  <system-out/>
  <testcase name="basePageNavigation" time="9.487" classname="Academy.HomePage"/>
  <system-out/>
  <testcase name="basePageNavigation" time="15.240" classname="Academy.HomePage"/>
  <system-out/>
</testsuite> <!-- Academy.HomePage -->
