<?xml version="1.0" encoding="UTF-8"?>
<!-- Generated by org.testng.reporters.JUnitReportReporter -->
<testsuite skipped="0" hostname="LAPTOP-JTNN1PTL" name="Academy.ValidateTitle" tests="1" failures="0" timestamp="2020-09-07T07:54:57 EDT" time="0.060" errors="0">
  <testcase name="basePageNavigation" time="0.060" classname="Academy.ValidateTitle"/>
  <system-out/>
</testsuite> <!-- Academy.ValidateTitle -->
